89 94 1 88 94 1
88 94 1 87 94 1
87 94 1 86 94 1
65 20 36 65 20 37
54 74 74 54 74 73
54 74 73 54 74 72
54 74 72 54 74 71
5 15 58 6 15 58
6 15 58 7 15 58
7 15 58 8 15 58
9 54 57 9 54 56
9 54 56 9 54 55
9 54 55 9 54 54
9 54 54 9 54 53
84 25 94 84 25 93
84 25 93 84 25 92
84 25 92 84 25 91
84 25 91 84 25 90
74 83 66 74 83 67
3 72 45 2 72 45
2 72 45 1 72 45
71 88 14 71 89 14
71 89 14 71 90 14
92 61 20 92 61 21
92 61 21 92 61 22
92 61 22 92 61 23
92 61 23 92 61 24
92 61 24 92 61 25
92 61 25 92 61 26
24 30 94 24 30 93
24 30 93 24 30 92
90 21 43 90 20 43
17 43 7 17 43 6
19 1 24 19 1 25
19 1 25 19 1 26
19 1 26 19 1 27
19 1 27 19 1 28
19 1 28 19 1 29
19 1 29 19 1 30
5 1 24 4 1 24
70 13 9 70 12 9
70 12 9 70 11 9
78 90 27 78 89 27
78 89 27 78 88 27
78 88 27 78 87 27
78 87 27 78 86 27
78 86 27 78 85 27
78 85 27 78 84 27
23 32 91 23 32 90
23 32 90 23 32 89
23 32 89 23 32 88
23 32 88 23 32 87
23 79 94 24 79 94
24 79 94 25 79 94
25 79 94 26 79 94
26 79 94 27 79 94
27 79 94 28 79 94
25 72 57 25 72 56
4 91 6 5 91 6
5 91 6 6 91 6
6 91 6 7 91 6
82 60 32 82 61 32
54 37 93 54 37 94
10 85 7 9 85 7
72 18 27 72 17 27
49 74 12 49 75 12
39 35 51 39 36 51
93 50 40 93 49 40
93 49 40 93 48 40
93 48 40 93 47 40
93 47 40 93 46 40
93 46 40 93 45 40
30 52 89 30 52 90
30 52 90 30 52 91
30 52 91 30 52 92
89 54 73 88 54 73
76 62 56 76 61 56
76 61 56 76 60 56
76 60 56 76 59 56
76 59 56 76 58 56
76 58 56 76 57 56
76 57 56 76 56 56
8 17 95 8 18 95
8 18 95 8 19 95
8 19 95 8 20 95
8 20 95 8 21 95
49 39 63 48 39 63
48 39 63 47 39 63
47 39 63 46 39 63
87 77 21 88 77 21
88 77 21 89 77 21
89 77 21 90 77 21
90 77 21 91 77 21
91 77 21 92 77 21
92 77 21 93 77 21
31 69 14 32 69 14
32 69 14 33 69 14
33 69 14 34 69 14
34 69 14 35 69 14
27 53 36 27 53 35
27 53 35 27 53 34
27 53 34 27 53 33
27 53 33 27 53 32
27 53 32 27 53 31
27 53 31 27 53 30
22 14 30 22 14 31
75 81 79 75 80 79
75 80 79 75 79 79
75 79 79 75 78 79
75 78 79 75 77 79
75 77 79 75 76 79
54 18 65 54 18 64
54 18 64 54 18 63
54 18 63 54 18 62
48 33 81 48 34 81
48 34 81 48 35 81
48 35 81 48 36 81
48 36 81 48 37 81
46 93 64 46 93 65
46 93 65 46 93 66
46 93 66 46 93 67
46 93 67 46 93 68
46 93 68 46 93 69
69 15 28 68 15 28
68 15 28 67 15 28
16 68 73 16 68 74
16 68 74 16 68 75
16 68 75 16 68 76
49 57 53 50 57 53
13 3 39 13 4 39
13 4 39 13 5 39
13 5 39 13 6 39
13 6 39 13 7 39
13 7 39 13 8 39
83 9 67 83 8 67
83 8 67 83 7 67
10 78 63 10 78 64
3 46 68 3 47 68
3 47 68 3 48 68
3 48 68 3 49 68
3 49 68 3 50 68
92 61 27 92 61 26
92 61 26 92 61 25
92 61 25 92 61 24
92 61 24 92 61 23
92 61 23 92 61 22
92 61 22 92 61 21
17 53 34 16 53 34
58 82 39 58 81 39
58 81 39 58 80 39
35 48 3 35 47 3
35 47 3 35 46 3
35 46 3 35 45 3
35 45 3 35 44 3
45 82 80 45 83 80
61 62 93 61 61 93
61 61 93 61 60 93
61 60 93 61 59 93
9 9 44 9 9 45
9 9 45 9 9 46
54 58 47 53 58 47
45 25 79 44 25 79
44 25 79 43 25 79
33 7 85 33 7 84
33 7 84 33 7 83
8 77 38 8 77 39
21 30 32 21 30 33
21 30 33 21 30 34
21 30 34 21 30 35
63 24 19 63 23 19
13 91 87 13 92 87
13 92 87 13 93 87
13 93 87 13 94 87
90 37 79 91 37 79
82 58 18 82 59 18
82 59 18 82 60 18
92 74 17 91 74 17
85 64 17 86 64 17
5 90 64 4 90 64
4 90 64 3 90 64
3 90 64 2 90 64
2 90 64 1 90 64
45 2 9 46 2 9
46 2 9 47 2 9
47 2 9 48 2 9
48 2 9 49 2 9
49 2 9 50 2 9
50 2 9 51 2 9
86 61 12 86 60 12
86 60 12 86 59 12
86 59 12 86 58 12
86 58 12 86 57 12
86 57 12 86 56 12
85 49 14 84 49 14
84 49 14 83 49 14
83 49 14 82 49 14
82 49 14 81 49 14
81 49 14 80 49 14
80 49 14 79 49 14
79 49 14 78 49 14
94 41 8 94 41 9
60 69 32 60 69 31
15 50 49 14 50 49
14 50 49 13 50 49
94 14 15 94 15 15
94 15 15 94 16 15
94 16 15 94 17 15
94 17 15 94 18 15
94 18 15 94 19 15
94 19 15 94 20 15
21 30 33 21 30 32
21 30 32 21 30 31
21 30 31 21 30 30
21 30 30 21 30 29
21 30 29 21 30 28
21 30 28 21 30 27
51 39 82 51 39 83
51 39 83 51 39 84
51 39 84 51 39 85
51 39 85 51 39 86
51 39 86 51 39 87
54 60 19 54 60 18
54 60 18 54 60 17
43 24 79 42 24 79
42 24 79 41 24 79
41 24 79 40 24 79
86 86 45 86 85 45
86 85 45 86 84 45
86 84 45 86 83 45
86 83 45 86 82 45
62 82 11 62 83 11
62 83 11 62 84 11
62 84 11 62 85 11
51 3 78 52 3 78
91 15 85 91 15 86
91 15 86 91 15 87
64 13 47 64 13 48
31 25 74 31 25 75
31 25 75 31 25 76
26 94 52 26 94 53
59 62 24 58 62 24
58 62 24 57 62 24
50 71 40 50 71 39
47 36 19 47 37 19
47 37 19 47 38 19
47 38 19 47 39 19
34 42 64 33 42 64
30 45 18 30 44 18
30 44 18 30 43 18
30 43 18 30 42 18
58 86 87 58 86 88
58 86 88 58 86 89
58 86 89 58 86 90
58 86 90 58 86 91
93 80 12 93 81 12
93 81 12 93 82 12
18 58 6 18 58 5
86 60 83 86 60 84
86 60 84 86 60 85
5 7 3 6 7 3
6 7 3 7 7 3
1 71 50 1 71 49
1 71 49 1 71 48
70 67 79 70 67 78
34 60 20 34 60 21
51 62 17 51 62 16
51 62 16 51 62 15
51 62 15 51 62 14
51 62 14 51 62 13
51 62 13 51 62 12
51 62 12 51 62 11
7 57 78 7 57 79
7 57 79 7 57 80
7 57 80 7 57 81
7 57 81 7 57 82
7 57 82 7 57 83
7 57 83 7 57 84
5 29 62 6 29 62
6 29 62 7 29 62
7 29 62 8 29 62
8 29 62 9 29 62
9 29 62 10 29 62
10 29 62 11 29 62
83 37 11 83 38 11
83 38 11 83 39 11
8 27 21 9 27 21
9 27 21 10 27 21
74 75 77 73 75 77
73 75 77 72 75 77
9 51 29 9 52 29
9 52 29 9 53 29
9 53 29 9 54 29
9 54 29 9 55 29
9 55 29 9 56 29
9 56 29 9 57 29
9 57 29 9 58 29
22 17 80 23 17 80
23 17 80 24 17 80
24 17 80 25 17 80
25 17 80 26 17 80
71 63 22 71 64 22
71 64 22 71 65 22
71 65 22 71 66 22
71 66 22 71 67 22
7 62 74 7 61 74
7 61 74 7 60 74
18 48 59 18 48 60
18 48 60 18 48 61
18 48 61 18 48 62
18 48 62 18 48 63
18 48 63 18 48 64
80 40 7 80 39 7
80 39 7 80 38 7
80 38 7 80 37 7
80 37 7 80 36 7
1 57 95 1 58 95
93 46 12 93 46 11
93 46 11 93 46 10
93 46 10 93 46 9
59 64 27 59 64 26
59 64 26 59 64 25
59 64 25 59 64 24
59 64 24 59 64 23
34 9 8 33 9 8
33 9 8 32 9 8
38 23 11 39 23 11
39 23 11 40 23 11
40 23 11 41 23 11
41 23 11 42 23 11
24 24 73 25 24 73
2 42 74 2 42 75
2 42 75 2 42 76
2 42 76 2 42 77
2 42 77 2 42 78
46 32 50 47 32 50
33 79 90 33 79 89
33 79 89 33 79 88
33 79 88 33 79 87
33 79 87 33 79 86
31 53 16 32 53 16
32 53 16 33 53 16
13 87 29 14 87 29
12 13 48 13 13 48
3 89 10 3 89 11
3 89 11 3 89 12
3 89 12 3 89 13
3 89 13 3 89 14
3 89 14 3 89 15
3 89 15 3 89 16
22 5 16 22 6 16
22 6 16 22 7 16
35 21 52 35 21 53
39 61 83 40 61 83
40 61 83 41 61 83
41 61 83 42 61 83
42 61 83 43 61 83
43 61 83 44 61 83
44 61 83 45 61 83
52 6 11 52 6 10
52 6 10 52 6 9
52 6 9 52 6 8
52 6 8 52 6 7
52 6 7 52 6 6
52 6 6 52 6 5
23 71 67 22 71 67
38 20 89 38 20 90
1 54 80 1 53 80
6 1 30 6 1 29
70 64 48 70 65 48
70 65 48 70 66 48
24 68 29 23 68 29
23 68 29 22 68 29
22 68 29 21 68 29
21 68 29 20 68 29
20 68 29 19 68 29
26 92 41 26 93 41
26 93 41 26 94 41
26 94 41 26 95 41
16 79 85 16 79 84
16 79 84 16 79 83
16 79 83 16 79 82
49 56 69 50 56 69
50 56 69 51 56 69
51 56 69 52 56 69
52 56 69 53 56 69
53 56 69 54 56 69
54 56 69 55 56 69
4 46 59 4 47 59
4 47 59 4 48 59
4 48 59 4 49 59
4 49 59 4 50 59
85 9 48 86 9 48
10 47 29 10 47 30
10 47 30 10 47 31
10 47 31 10 47 32
10 47 32 10 47 33
22 80 3 22 80 4
22 80 4 22 80 5
22 80 5 22 80 6
22 80 6 22 80 7
22 80 7 22 80 8
77 66 14 77 66 13
77 66 13 77 66 12
88 31 80 89 31 80
87 94 26 87 94 25
28 1 23 28 2 23
28 2 23 28 3 23
53 52 83 53 52 84
53 52 84 53 52 85
53 52 85 53 52 86
16 52 83 17 52 83
17 52 83 18 52 83
70 78 85 69 78 85
58 87 64 58 86 64
75 67 91 75 67 92
92 79 57 92 79 56
37 69 40 37 69 39
37 69 39 37 69 38
13 68 6 13 68 5
13 68 5 13 68 4
13 68 4 13 68 3
18 85 37 18 85 36
18 85 36 18 85 35
18 85 35 18 85 34
79 79 92 79 78 92
79 78 92 79 77 92
7 1 29 6 1 29
53 90 1 52 90 1
45 33 13 45 34 13
45 34 13 45 35 13
38 7 33 37 7 33
9 15 35 10 15 35
10 15 35 11 15 35
11 15 35 12 15 35
12 15 35 13 15 35
13 15 35 14 15 35
11 76 38 11 76 37
58 90 70 58 90 71
79 94 12 78 94 12
46 95 22 46 95 21
40 20 63 40 21 63
40 21 63 40 22 63
40 22 63 40 23 63
40 23 63 40 24 63
68 13 88 68 13 89
68 13 89 68 13 90
68 13 90 68 13 91
68 13 91 68 13 92
90 38 71 91 38 71
91 38 71 92 38 71
26 77 70 26 78 70
26 78 70 26 79 70
80 49 62 81 49 62
3 88 50 3 89 50
9 29 26 8 29 26
8 29 26 7 29 26
7 29 26 6 29 26
6 29 26 5 29 26
5 29 26 4 29 26
28 85 9 27 85 9
27 85 9 26 85 9
26 85 9 25 85 9
25 85 9 24 85 9
24 85 9 23 85 9
52 70 53 52 70 52
7 36 54 7 37 54
74 81 5 74 81 6
71 83 76 72 83 76
45 81 81 46 81 81
46 81 81 47 81 81
47 81 81 48 81 81
48 81 81 49 81 81
49 81 81 50 81 81
50 81 81 51 81 81
27 26 55 27 27 55
27 27 55 27 28 55
27 28 55 27 29 55
27 29 55 27 30 55
54 72 26 55 72 26
55 72 26 56 72 26
91 61 95 92 61 95
36 6 88 36 5 88
36 5 88 36 4 88
36 4 88 36 3 88
34 19 36 34 19 37
34 19 37 34 19 38
34 19 38 34 19 39
34 19 39 34 19 40
34 19 40 34 19 41
84 81 25 84 82 25
84 82 25 84 83 25
84 83 25 84 84 25
84 84 25 84 85 25
84 85 25 84 86 25
71 68 23 71 68 22
49 75 10 49 75 11
49 75 11 49 75 12
48 23 14 49 23 14
49 23 14 50 23 14
50 23 14 51 23 14
51 23 14 52 23 14
52 23 14 53 23 14
42 73 86 43 73 86
43 73 86 44 73 86
44 73 86 45 73 86
64 90 27 64 90 26
64 90 26 64 90 25
64 90 25 64 90 24
64 90 24 64 90 23
64 90 23 64 90 22
64 90 22 64 90 21
64 90 21 64 90 20
64 90 20 64 90 19
28 43 16 28 44 16
69 6 86 69 7 86
69 7 86 69 8 86
7 39 86 7 39 87
95 66 72 94 66 72
41 12 15 40 12 15
40 12 15 39 12 15
22 19 90 21 19 90
21 19 90 20 19 90
29 59 67 28 59 67
64 37 10 64 38 10
64 38 10 64 39 10
70 47 88 70 48 88
85 40 49 85 40 50
85 40 50 85 40 51
85 40 51 85 40 52
85 40 52 85 40 53
85 40 53 85 40 54
45 73 23 45 72 23
45 72 23 45 71 23
45 71 23 45 70 23
45 70 23 45 69 23
45 69 23 45 68 23
43 79 92 43 80 92
43 80 92 43 81 92
43 81 92 43 82 92
64 30 10 64 31 10
64 31 10 64 32 10
64 32 10 64 33 10
64 33 10 64 34 10
64 34 10 64 35 10
6 92 60 5 92 60
5 92 60 4 92 60
4 92 60 3 92 60
3 92 60 2 92 60
61 27 28 62 27 28
39 8 54 39 8 53
39 8 53 39 8 52
70 67 78 70 67 79
81 2 48 80 2 48
80 2 48 79 2 48
3 13 48 3 13 49
3 13 49 3 13 50
3 13 50 3 13 51
3 13 51 3 13 52
3 13 52 3 13 53
3 13 53 3 13 54
74 16 10 75 16 10
75 16 10 76 16 10
76 16 10 77 16 10
30 29 44 30 29 43
53 12 36 53 11 36
53 11 36 53 10 36
65 71 4 66 71 4
66 71 4 67 71 4
21 49 76 22 49 76
22 49 76 23 49 76
23 49 76 24 49 76
24 49 76 25 49 76
54 70 65 53 70 65
53 70 65 52 70 65
52 70 65 51 70 65
30 63 6 30 63 5
30 63 5 30 63 4
30 63 4 30 63 3
30 63 3 30 63 2
23 38 39 23 38 40
68 53 45 68 53 46
68 2 85 68 2 86
68 2 86 68 2 87
68 2 87 68 2 88
93 61 30 93 61 29
93 61 29 93 61 28
57 34 84 57 34 83
57 34 83 57 34 82
57 34 82 57 34 81
57 34 81 57 34 80
57 34 80 57 34 79
78 46 28 78 47 28
78 47 28 78 48 28
78 50 28 78 51 28
54 86 63 54 86 64
46 63 79 45 63 79
45 63 79 44 63 79
44 63 79 43 63 79
43 63 79 42 63 79
55 16 43 55 17 43
8 39 23 9 39 23
9 39 23 10 39 23
21 12 88 21 12 87
16 32 61 16 32 62
16 32 62 16 32 63
16 32 63 16 32 64
16 32 64 16 32 65
87 16 74 87 16 75
87 16 75 87 16 76
41 13 75 41 13 76
41 13 76 41 13 77
41 13 77 41 13 78
41 13 78 41 13 79
41 13 79 41 13 80
41 13 80 41 13 81
45 45 15 45 45 14
45 45 14 45 45 13
45 45 13 45 45 12
9 45 26 9 45 25
9 45 25 9 45 24
9 45 24 9 45 23
9 45 23 9 45 22
9 45 22 9 45 21
9 45 21 9 45 20
31 5 91 31 4 91
31 4 91 31 3 91
45 12 11 46 12 11
46 12 11 47 12 11
47 12 11 48 12 11
48 12 11 49 12 11
49 12 11 50 12 11
50 12 11 51 12 11
51 12 11 52 12 11
38 23 27 39 23 27
39 23 27 40 23 27
5 22 3 5 21 3
5 21 3 5 20 3
5 20 3 5 19 3
5 19 3 5 18 3
95 21 89 95 20 89
95 20 89 95 19 89
95 19 89 95 18 89
95 18 89 95 17 89
95 17 89 95 16 89
73 12 64 73 11 64
50 52 37 51 52 37
51 52 37 52 52 37
52 52 37 53 52 37
88 34 81 87 34 81
87 34 81 86 34 81
69 76 88 69 77 88
69 77 88 69 78 88
69 78 88 69 79 88
69 79 88 69 80 88
45 52 44 44 52 44
45 88 64 45 88 63
89 65 20 88 65 20
88 65 20 87 65 20
87 65 20 86 65 20
86 65 20 85 65 20
59 65 29 58 65 29
74 15 59 73 15 59
73 15 59 72 15 59
79 36 57 79 35 57
79 35 57 79 34 57
79 34 57 79 33 57
22 69 91 22 68 91
22 68 91 22 67 91
22 67 91 22 66 91
81 88 94 82 88 94
82 88 94 83 88 94
54 86 20 54 87 20
26 20 46 26 19 46
59 45 31 58 45 31
62 52 93 62 53 93
62 53 93 62 54 93
62 54 93 62 55 93
62 55 93 62 56 93
62 56 93 62 57 93
62 57 93 62 58 93
62 58 93 62 59 93
25 19 10 26 19 10
18 33 10 18 32 10
86 9 73 86 10 73
60 85 22 59 85 22
59 85 22 58 85 22
58 85 22 57 85 22
27 17 61 28 17 61
58 82 43 58 83 43
58 83 43 58 84 43
58 84 43 58 85 43
58 85 43 58 86 43
58 86 43 58 87 43
58 87 43 58 88 43
58 88 43 58 89 43
18 45 42 17 45 42
17 45 42 16 45 42
16 45 42 15 45 42
29 87 4 29 88 4
74 30 17 74 31 17
74 31 17 74 32 17
74 32 17 74 33 17
60 15 66 59 15 66
59 15 66 58 15 66
20 6 47 20 7 47
20 7 47 20 8 47
20 8 47 20 9 47
20 9 47 20 10 47
89 94 44 90 94 44
15 31 95 14 31 95
14 31 95 13 31 95
13 31 95 12 31 95
43 13 63 44 13 63
44 13 63 45 13 63
45 13 63 46 13 63
46 13 63 47 13 63
47 13 63 48 13 63
68 86 66 67 86 66
28 27 18 28 27 17
83 15 50 82 15 50
82 15 50 81 15 50
81 15 50 80 15 50
65 18 41 65 19 41
65 19 41 65 20 41
65 20 41 65 21 41
86 46 31 86 45 31
86 44 31 86 43 31
48 87 33 48 87 32
48 87 32 48 87 31
48 87 31 48 87 30
88 80 89 88 81 89
88 81 89 88 82 89
88 82 89 88 83 89
26 66 81 26 67 81
26 67 81 26 68 81
26 68 81 26 69 81
8 27 23 9 27 23
9 27 23 10 27 23
76 49 32 76 49 33
76 49 33 76 49 34
4 31 86 4 31 85
4 31 85 4 31 84
67 36 64 67 36 63
18 75 82 18 75 83
54 22 88 54 22 89
54 22 89 54 22 90
54 22 90 54 22 91
54 22 91 54 22 92
35 82 45 35 82 46
35 82 46 35 82 47
35 82 47 35 82 48
56 58 89 56 58 90
56 58 90 56 58 91
17 68 71 17 68 72
17 68 73 17 68 74
89 13 43 89 13 42
89 13 42 89 13 41
89 13 41 89 13 40
89 13 40 89 13 39
28 17 23 28 16 23
41 71 22 42 71 22
42 71 22 43 71 22
33 10 6 33 11 6
33 11 6 33 12 6
33 12 6 33 13 6
18 3 30 19 3 30
75 3 25 75 2 25
75 80 93 75 79 93
75 79 93 75 78 93
16 60 68 16 59 68
16 59 68 16 58 68
72 62 90 72 62 91
72 62 91 72 62 92
18 83 64 18 83 65
3 73 92 3 72 92
3 72 92 3 71 92
22 51 22 22 51 21
90 91 71 90 90 71
86 45 28 86 45 29
45 7 5 45 6 5
45 6 5 45 5 5
45 5 5 45 4 5
45 4 5 45 3 5
45 3 5 45 2 5
8 47 34 8 47 33
8 47 33 8 47 32
8 47 32 8 47 31
8 47 31 8 47 30
8 47 30 8 47 29
78 80 6 78 80 7
78 80 7 78 80 8
58 18 12 58 18 11
58 18 11 58 18 10
58 18 10 58 18 9
58 18 9 58 18 8
58 18 8 58 18 7
58 18 7 58 18 6
58 18 6 58 18 5
58 18 5 58 18 4
28 76 20 27 76 20
27 76 20 26 76 20
26 76 20 25 76 20
25 76 20 24 76 20
24 76 20 23 76 20
85 47 52 85 47 53
85 47 53 85 47 54
91 53 29 91 52 29
91 52 29 91 51 29
91 51 29 91 50 29
91 50 29 91 49 29
91 49 29 91 48 29
68 74 64 68 75 64
68 75 64 68 76 64
68 76 64 68 77 64
68 77 64 68 78 64
68 78 64 68 79 64
68 79 64 68 80 64
68 80 64 68 81 64
87 80 78 87 80 77
87 80 77 87 80 76
87 80 76 87 80 75
48 78 6 48 78 5
41 80 60 41 79 60
58 18 49 58 18 48
8 33 10 8 32 10
8 32 10 8 31 10
8 31 10 8 30 10
8 30 10 8 29 10
85 16 40 85 16 41
48 65 8 48 65 9
48 65 9 48 65 10
48 65 10 48 65 11
48 65 11 48 65 12
68 75 67 67 75 67
67 75 67 66 75 67
66 75 67 65 75 67
33 41 56 32 41 56
67 35 28 67 36 28
67 36 28 67 37 28
67 37 28 67 38 28
67 38 28 67 39 28
42 76 54 42 77 54
42 77 54 42 78 54
42 78 54 42 79 54
42 79 54 42 80 54
42 80 54 42 81 54
79 75 38 79 75 37
12 14 50 12 14 49
12 14 49 12 14 48
92 19 57 92 18 57
92 18 57 92 17 57
92 17 57 92 16 57
92 16 57 92 15 57
17 49 26 17 49 27
17 49 28 17 49 29
17 49 29 17 49 30
17 49 30 17 49 31
17 49 31 17 49 32
31 90 8 31 89 8
31 89 8 31 88 8
31 88 8 31 87 8
31 87 8 31 86 8
6 32 8 5 32 8
5 32 8 4 32 8
4 32 8 3 32 8
87 63 14 88 63 14
88 63 14 89 63 14
89 63 14 90 63 14
90 63 14 91 63 14
49 3 67 49 4 67
49 4 67 49 5 67
49 5 67 49 6 67
49 6 67 49 7 67
5 40 87 5 40 88
23 51 26 22 51 26
22 51 26 21 51 26
21 51 26 20 51 26
20 51 26 19 51 26
19 51 26 18 51 26
60 69 2 60 69 3
60 69 3 60 69 4
3 47 37 3 48 37
93 62 48 93 61 48
93 61 48 93 60 48
82 48 18 82 49 18
82 52 18 82 53 18
82 53 18 82 54 18
82 54 18 82 55 18
82 55 18 82 56 18
10 61 47 10 62 47
10 62 47 10 63 47
10 63 47 10 64 47
10 64 47 10 65 47
27 82 43 27 82 42
27 82 42 27 82 41
27 82 41 27 82 40
27 82 40 27 82 39
27 82 39 27 82 38
27 82 38 27 82 37
27 82 37 27 82 36
27 82 36 27 82 35
29 74 80 29 74 81
29 74 81 29 74 82
29 74 82 29 74 83
29 74 83 29 74 84
29 74 84 29 74 85
29 74 85 29 74 86
29 74 86 29 74 87
29 74 87 29 74 88
12 17 90 12 16 90
12 16 90 12 15 90
69 29 68 69 30 68
69 30 68 69 31 68
69 31 68 69 32 68
36 75 27 37 75 27
37 75 27 38 75 27
49 75 6 49 75 5
49 75 5 49 75 4
84 77 5 85 77 5
85 77 5 86 77 5
86 77 5 87 77 5
87 77 5 88 77 5
88 77 5 89 77 5
89 77 5 90 77 5
42 72 88 43 72 88
43 72 88 44 72 88
72 35 80 72 35 81
72 35 81 72 35 82
47 20 62 47 20 63
47 20 63 47 20 64
47 20 64 47 20 65
47 20 65 47 20 66
46 93 15 46 93 16
46 93 16 46 93 17
25 89 8 25 88 8
25 88 8 25 87 8
25 87 8 25 86 8
13 80 15 13 81 15
13 81 15 13 82 15
13 82 15 13 83 15
13 83 15 13 84 15
46 31 35 45 31 35
42 76 92 42 77 92
42 77 92 42 78 92
42 78 92 42 79 92
42 79 92 42 80 92
69 56 71 69 57 71
69 57 71 69 58 71
89 21 23 89 21 24
89 21 24 89 21 25
89 21 25 89 21 26
89 21 26 89 21 27
9 9 45 9 9 46
34 59 94 34 60 94
34 60 94 34 61 94
28 42 41 28 42 40
28 42 40 28 42 39
28 42 39 28 42 38
32 42 11 32 42 10
93 20 23 93 21 23
93 22 23 93 23 23
93 23 23 93 24 23
48 89 70 48 89 69
48 89 69 48 89 68
48 89 68 48 89 67
48 89 67 48 89 66
62 59 24 62 59 25
42 33 20 42 33 19
61 7 13 61 7 14
61 7 14 61 7 15
66 78 15 66 78 14
72 73 46 72 72 46
72 72 46 72 71 46
72 71 46 72 70 46
72 70 46 72 69 46
72 69 46 72 68 46
36 54 66 37 54 66
36 39 51 36 40 51
36 40 51 36 41 51
36 41 51 36 42 51
23 35 84 23 36 84
52 46 17 52 46 16
52 46 16 52 46 15
3 65 80 3 65 81
75 42 27 76 42 27
48 36 72 48 37 72
48 37 72 48 38 72
48 38 72 48 39 72
48 39 72 48 40 72
48 40 72 48 41 72
70 59 85 70 59 84
70 59 84 70 59 83
70 59 83 70 59 82
70 59 82 70 59 81
70 59 81 70 59 80
70 59 80 70 59 79
16 74 78 16 74 77
16 74 77 16 74 76
51 47 6 51 48 6
39 10 45 39 10 46
39 10 46 39 10 47
62 54 68 62 54 67
62 54 67 62 54 66
55 32 10 54 32 10
54 32 10 53 32 10
45 60 24 45 59 24
45 59 24 45 58 24
33 23 81 34 23 81
53 13 46 53 12 46
54 65 74 54 65 75
17 90 58 17 90 57
17 90 57 17 90 56
17 90 56 17 90 55
17 90 55 17 90 54
17 90 54 17 90 53
78 85 8 79 85 8
51 61 69 51 61 70
51 61 70 51 61 71
88 15 69 87 15 69
87 15 69 86 15 69
86 15 69 85 15 69
85 15 69 84 15 69
84 15 69 83 15 69
10 34 31 9 34 31
2 21 78 2 21 77
45 28 70 45 28 71
45 28 71 45 28 72
45 28 72 45 28 73
45 54 38 45 54 37
45 54 37 45 54 36
45 54 36 45 54 35
87 58 12 87 58 13
87 58 13 87 58 14
87 58 14 87 58 15
80 38 7 80 39 7
80 39 7 80 40 7
32 78 91 32 79 91
32 79 91 32 80 91
32 80 91 32 81 91
84 84 64 84 85 64
84 85 64 84 86 64
84 86 64 84 87 64
84 87 64 84 88 64
84 88 64 84 89 64
84 89 64 84 90 64
84 91 64 84 92 64
25 4 34 25 4 35
25 4 35 25 4 36
25 4 36 25 4 37
25 4 37 25 4 38
25 4 38 25 4 39
25 4 39 25 4 40
5 87 87 5 87 88
5 87 88 5 87 89
5 87 89 5 87 90
5 87 90 5 87 91
5 87 91 5 87 92
68 14 91 68 15 91
54 40 55 54 41 55
81 20 34 81 20 33
81 20 33 81 20 32
81 20 32 81 20 31
81 20 31 81 20 30
81 20 30 81 20 29
94 28 88 94 28 87
92 59 48 91 59 48
91 59 48 90 59 48
18 41 40 17 41 40
17 41 40 16 41 40
16 41 40 15 41 40
83 20 20 83 19 20
83 19 20 83 18 20
83 18 20 83 17 20
83 17 20 83 16 20
83 16 20 83 15 20
64 44 46 65 44 46
75 92 72 75 92 73
75 92 73 75 92 74
75 92 74 75 92 75
64 15 1 64 14 1
29 17 76 29 17 75
34 69 79 33 69 79
15 15 15 16 15 15
16 15 15 17 15 15
17 15 15 18 15 15
18 15 15 19 15 15
19 15 15 20 15 15
44 17 62 44 18 62
44 18 62 44 19 62
44 19 62 44 20 62
44 20 62 44 21 62
44 21 62 44 22 62
48 37 9 48 37 8
48 37 8 48 37 7
48 37 7 48 37 6
48 37 6 48 37 5
46 7 71 47 7 71
29 17 3 29 16 3
29 16 3 29 15 3
38 49 18 38 49 19
12 86 31 13 86 31
13 86 31 14 86 31
3 69 89 3 69 90
3 69 90 3 69 91
3 69 91 3 69 92
87 9 80 87 10 80
7 59 46 7 60 46
46 53 95 46 52 95
46 52 95 46 51 95
66 35 28 67 35 28
27 87 12 27 86 12
27 86 12 27 85 12
81 71 37 81 71 36
81 71 36 81 71 35
26 60 49 26 60 50
4 44 11 4 43 11
4 43 11 4 42 11
59 13 67 58 13 67
58 13 67 57 13 67
57 13 67 56 13 67
56 13 67 55 13 67
55 13 67 54 13 67
54 13 67 53 13 67
79 19 43 79 18 43
79 18 43 79 17 43
79 17 43 79 16 43
79 16 43 79 15 43
79 15 43 79 14 43
34 2 80 34 2 79
34 2 79 34 2 78
34 2 78 34 2 77
34 2 77 34 2 76
34 2 76 34 2 75
56 68 61 55 68 61
55 68 61 54 68 61
54 68 61 53 68 61
53 68 61 52 68 61
52 68 61 51 68 61
51 68 61 50 68 61
50 68 61 49 68 61
49 68 61 48 68 61
6 87 25 7 87 25
7 87 25 8 87 25
8 87 25 9 87 25
9 87 25 10 87 25
49 18 57 49 18 56
49 18 56 49 18 55
49 18 55 49 18 54
49 18 54 49 18 53
66 94 48 66 93 48
66 93 48 66 92 48
29 17 81 29 17 80
29 17 77 29 17 76
75 5 46 76 5 46
76 5 46 77 5 46
77 5 46 78 5 46
78 5 46 79 5 46
23 35 40 23 34 40
23 34 40 23 33 40
93 2 3 92 2 3
56 18 62 57 18 62
75 37 43 74 37 43
1 81 80 1 81 81
1 81 81 1 81 82
1 81 83 1 81 84
1 81 84 1 81 85
73 83 7 73 83 8
73 83 8 73 83 9
68 29 4 68 30 4
68 30 4 68 31 4
18 17 88 17 17 88
17 17 88 16 17 88
16 17 88 15 17 88
15 17 88 14 17 88
14 17 88 13 17 88
13 17 88 12 17 88
12 17 88 11 17 88
14 60 70 13 60 70
1 69 32 2 69 32
2 69 32 3 69 32
3 69 32 4 69 32
4 69 32 5 69 32
5 69 32 6 69 32
6 69 32 7 69 32
7 69 32 8 69 32
38 73 25 39 73 25
39 73 25 40 73 25
40 73 25 41 73 25
32 17 44 33 17 44
24 26 27 24 27 27
86 39 86 86 38 86
86 38 86 86 37 86
86 37 86 86 36 86
86 36 86 86 35 86
94 17 72 93 17 72
11 88 13 11 87 13
11 87 13 11 86 13
86 44 17 86 44 18
86 44 18 86 44 19
86 44 19 86 44 20
86 44 20 86 44 21
86 44 21 86 44 22
89 31 53 89 32 53
7 70 14 8 70 14
8 70 14 9 70 14
9 70 14 10 70 14
10 70 14 11 70 14
11 70 14 12 70 14
52 51 35 52 50 35
52 50 35 52 49 35
33 88 41 33 87 41
38 94 50 38 94 49
38 94 49 38 94 48
38 94 48 38 94 47
38 94 47 38 94 46
69 59 49 69 60 49
69 60 49 69 61 49
69 61 49 69 62 49
69 62 49 69 63 49
46 17 20 45 17 20
45 17 20 44 17 20
44 17 20 43 17 20
43 17 20 42 17 20
42 17 20 41 17 20
41 17 20 40 17 20
40 17 20 39 17 20
39 17 20 38 17 20
7 31 4 7 31 5
7 31 5 7 31 6
7 31 6 7 31 7
7 31 7 7 31 8
7 31 8 7 31 9
64 93 67 65 93 67
65 93 67 66 93 67
38 66 44 38 65 44
35 8 78 35 8 77
35 8 77 35 8 76
33 47 36 34 47 36
34 47 36 35 47 36
35 47 36 36 47 36
36 47 36 37 47 36
37 47 36 38 47 36
38 47 36 39 47 36
72 7 68 71 7 68
71 7 68 70 7 68
70 7 68 69 7 68
62 47 82 62 48 82
30 14 18 30 14 19
75 53 37 75 53 38
66 64 38 66 65 38
66 65 38 66 66 38
52 40 14 52 39 14
52 39 14 52 38 14
52 38 14 52 37 14
52 37 14 52 36 14
68 77 37 67 77 37
67 77 37 66 77 37
66 77 37 65 77 37
65 77 37 64 77 37
64 77 37 63 77 37
90 81 31 90 81 30
90 81 30 90 81 29
90 81 29 90 81 28
90 81 28 90 81 27
90 81 27 90 81 26
55 35 64 56 35 64
56 35 64 57 35 64
57 35 64 58 35 64
53 53 85 53 53 86
53 53 86 53 53 87
53 53 87 53 53 88
91 73 49 91 73 48
91 73 48 91 73 47
61 83 61 62 83 61
62 83 61 63 83 61
63 83 61 64 83 61
64 83 61 65 83 61
57 67 57 57 66 57
9 11 43 9 11 44
38 60 34 38 60 35
38 60 35 38 60 36
38 60 36 38 60 37
38 60 37 38 60 38
28 58 86 28 58 87
28 58 87 28 58 88
28 58 88 28 58 89
61 25 7 60 25 7
60 25 7 59 25 7
57 43 3 57 43 4
57 43 4 57 43 5
57 43 5 57 43 6
57 43 6 57 43 7
71 1 24 71 1 23
71 1 23 71 1 22
71 1 22 71 1 21
71 1 21 71 1 20
71 1 20 71 1 19
71 1 19 71 1 18
21 58 34 21 59 34
21 59 34 21 60 34
21 60 34 21 61 34
83 78 17 84 78 17
84 78 17 85 78 17
50 59 73 50 59 72
50 59 72 50 59 71
50 59 71 50 59 70
50 59 70 50 59 69
4 34 36 4 33 36
4 33 36 4 32 36
89 18 65 89 17 65
89 17 65 89 16 65
7 63 37 7 63 38
64 35 87 65 35 87
65 35 87 66 35 87
66 35 87 67 35 87
27 20 52 27 20 51
34 51 10 34 52 10
80 2 50 80 2 51
80 2 51 80 2 52
80 2 52 80 2 53
80 2 53 80 2 54
67 24 9 67 25 9
9 82 31 9 82 30
77 91 75 78 91 75
78 91 75 79 91 75
79 91 75 80 91 75
65 59 25 65 58 25
65 58 25 65 57 25
52 43 87 51 43 87
58 29 53 58 28 53
58 28 53 58 27 53
17 12 69 16 12 69
16 12 69 15 12 69
43 15 51 43 14 51
43 14 51 43 13 51
43 13 51 43 12 51
43 12 51 43 11 51
43 11 51 43 10 51
43 10 51 43 9 51
47 12 22 47 11 22
47 11 22 47 10 22
27 35 46 27 34 46
27 34 46 27 33 46
27 33 46 27 32 46
12 12 12 13 12 12
13 12 12 14 12 12
14 12 12 15 12 12
15 12 12 16 12 12
85 34 93 85 34 92
85 34 92 85 34 91
85 34 91 85 34 90
85 34 90 85 34 89
85 34 89 85 34 88
85 34 88 85 34 87
74 83 79 74 83 80
22 52 76 22 51 76
22 51 76 22 50 76
22 50 76 22 49 76
22 49 76 22 48 76
22 48 76 22 47 76
22 47 76 22 46 76
2 5 20 2 5 21
2 5 21 2 5 22
28 88 9 28 88 10
28 88 10 28 88 11
28 88 11 28 88 12
48 20 61 49 20 61
88 63 21 89 63 21
63 91 64 64 91 64
64 91 64 65 91 64
65 91 64 66 91 64
70 91 64 71 91 64
7 72 34 8 72 34
8 72 34 9 72 34
9 72 34 10 72 34
10 72 34 11 72 34
11 72 34 12 72 34
12 72 34 13 72 34
13 72 34 14 72 34
63 70 83 63 70 84
34 16 22 34 15 22
34 15 22 34 14 22
1 6 88 1 7 88
59 61 86 59 61 87
59 61 87 59 61 88
59 61 88 59 61 89
59 61 89 59 61 90
59 61 90 59 61 91
59 61 91 59 61 92
42 27 78 42 26 78
48 57 68 48 56 68
48 56 68 48 55 68
48 55 68 48 54 68
48 54 68 48 53 68
48 53 68 48 52 68
57 19 11 57 19 12
47 56 74 47 56 75
47 56 75 47 56 76
47 56 76 47 56 77
47 56 77 47 56 78
47 56 78 47 56 79
21 8 10 22 8 10
22 8 10 23 8 10
23 8 10 24 8 10
24 8 10 25 8 10
25 8 10 26 8 10
26 8 10 27 8 10
11 36 42 11 37 42
11 37 42 11 38 42
36 25 5 36 26 5
36 26 5 36 27 5
19 21 66 19 21 67
19 21 67 19 21 68
19 21 68 19 21 69
19 21 69 19 21 70
46 48 18 47 48 18
82 60 18 82 61 18
82 61 18 82 62 18
18 42 53 18 41 53
22 54 3 22 54 2
86 5 85 86 5 84
86 5 84 86 5 83
78 67 28 78 67 27
14 9 46 14 8 46
14 8 46 14 7 46
14 7 46 14 6 46
14 6 46 14 5 46
43 54 15 42 54 15
42 54 15 41 54 15
41 54 15 40 54 15
40 54 15 39 54 15
88 94 52 87 94 52
87 94 52 86 94 52
28 18 10 28 19 10
78 55 60 78 55 61
7 39 91 7 40 91
43 57 60 43 57 61
43 57 61 43 57 62
43 57 62 43 57 63
51 58 65 51 58 66
6 55 41 6 55 40
30 28 90 30 27 90
30 27 90 30 26 90
30 26 90 30 25 90
30 25 90 30 24 90
46 6 80 46 7 80
46 7 80 46 8 80
46 8 80 46 9 80
46 9 80 46 10 80
76 85 86 77 85 86
77 85 86 78 85 86
78 85 86 79 85 86
40 60 90 40 60 89
73 31 89 73 32 89
15 70 82 15 70 81
15 70 81 15 70 80
72 11 27 72 12 27
72 12 27 72 13 27
13 65 59 14 65 59
39 9 25 39 10 25
39 10 25 39 11 25
39 11 25 39 12 25
66 29 84 66 29 83
83 9 67 83 10 67
83 10 67 83 11 67
10 8 36 11 8 36
11 8 36 12 8 36
12 8 36 13 8 36
59 42 57 59 42 56
59 42 56 59 42 55
82 90 58 82 90 59
64 47 65 64 47 66
64 47 66 64 47 67
64 47 67 64 47 68
64 47 68 64 47 69
64 47 69 64 47 70
37 14 39 38 14 39
38 14 39 39 14 39
71 37 7 70 37 7
28 58 86 28 58 87
28 58 87 28 58 88
28 58 88 28 58 89
28 58 89 28 58 90
28 58 90 28 58 91
28 58 91 28 58 92
51 93 35 50 93 35
44 38 88 44 38 87
21 50 51 21 51 51
21 51 51 21 52 51
45 54 61 45 54 60
45 54 60 45 54 59
33 57 48 33 56 48
33 56 48 33 55 48
60 50 1 60 51 1
60 51 1 60 52 1
60 52 1 60 53 1
60 53 1 60 54 1
60 54 1 60 55 1
60 55 1 60 56 1
47 27 74 47 27 75
70 9 53 69 9 53
69 9 53 68 9 53
68 9 53 67 9 53
36 14 75 36 14 74
13 56 61 13 56 62
13 56 62 13 56 63
13 56 63 13 56 64
13 56 64 13 56 65
13 56 65 13 56 66
13 56 66 13 56 67
13 56 67 13 56 68
57 5 41 56 5 41
56 5 41 55 5 41
10 19 5 10 19 6
10 19 6 10 19 7
10 19 7 10 19 8
10 19 8 10 19 9
10 19 9 10 19 10
25 1 54 25 1 53
25 1 53 25 1 52
52 54 30 52 53 30
52 53 30 52 52 30
44 65 25 44 66 25
24 86 21 24 87 21
24 87 21 24 88 21
24 88 21 24 89 21
24 89 21 24 90 21
36 7 47 35 7 47
54 75 41 54 75 42
54 75 42 54 75 43
54 75 43 54 75 44
54 75 44 54 75 45
54 75 45 54 75 46
76 64 52 76 65 52
32 92 6 31 92 6
31 92 6 30 92 6
30 92 6 29 92 6
17 34 29 17 33 29
31 3 29 32 3 29
32 3 29 33 3 29
32 71 81 32 70 81
53 76 38 53 75 38
53 75 38 53 74 38
53 74 38 53 73 38
53 73 38 53 72 38
53 72 38 53 71 38
53 71 38 53 70 38
53 70 38 53 69 38
53 69 38 53 68 38
86 65 64 86 66 64
86 66 64 86 67 64
86 67 64 86 68 64
86 68 64 86 69 64
86 69 64 86 70 64
86 70 64 86 71 64
83 53 86 83 52 86
52 15 32 53 15 32
41 78 40 41 78 39
41 78 39 41 78 38
28 78 39 28 78 38
28 78 38 28 78 37
32 3 92 32 3 91
32 3 91 32 3 90
32 3 90 32 3 89
32 3 89 32 3 88
32 3 88 32 3 87
32 3 87 32 3 86
45 28 68 45 28 69
45 28 69 45 28 70
45 28 70 45 28 71
45 28 71 45 28 72
45 28 72 45 28 73
45 28 73 45 28 74
51 32 42 51 32 43
51 32 43 51 32 44
51 32 44 51 32 45
51 32 45 51 32 46
51 32 46 51 32 47
51 32 47 51 32 48
51 32 48 51 32 49
31 29 53 30 29 53
54 62 4 53 62 4
53 62 4 52 62 4
75 25 48 75 25 49
75 25 49 75 25 50
75 25 50 75 25 51
75 25 51 75 25 52
72 19 15 72 19 16
57 35 4 56 35 4
92 56 90 92 55 90
83 55 27 83 54 27
83 54 27 83 53 27
41 10 86 40 10 86
67 10 93 67 10 92
67 10 92 67 10 91
70 76 33 71 76 33
71 76 33 72 76 33
72 76 33 73 76 33
26 41 57 26 41 58
51 66 86 51 66 85
51 66 85 51 66 84
80 12 6 81 12 6
81 12 6 82 12 6
48 19 45 49 19 45
49 19 45 50 19 45
76 90 8 76 90 9
95 59 84 95 59 83
95 59 83 95 59 82
95 59 82 95 59 81
95 59 81 95 59 80
95 59 80 95 59 79
82 47 20 82 48 20
82 48 20 82 49 20
82 49 20 82 50 20
83 38 94 82 38 94
82 38 94 81 38 94
64 73 34 64 73 35
4 17 51 5 17 51
5 17 51 6 17 51
6 17 51 7 17 51
7 17 51 8 17 51
8 17 51 9 17 51
9 17 51 10 17 51
10 17 51 11 17 51
32 58 14 32 57 14
31 42 40 31 41 40
20 40 14 20 39 14
20 39 14 20 38 14
20 38 14 20 37 14
20 37 14 20 36 14
35 22 11 35 22 10
35 22 10 35 22 9
35 22 9 35 22 8
35 22 8 35 22 7
35 22 7 35 22 6
6 14 22 6 14 21
6 14 21 6 14 20
91 67 3 90 67 3
90 67 3 89 67 3
71 43 17 70 43 17
70 43 17 69 43 17
69 43 17 68 43 17
68 43 17 67 43 17
89 28 19 89 29 19
89 29 19 89 30 19
89 30 19 89 31 19
89 31 19 89 32 19
39 25 48 38 25 48
17 30 79 16 30 79
16 30 79 15 30 79
27 33 75 28 33 75
28 33 75 29 33 75
29 33 75 30 33 75
71 22 28 71 23 28
29 82 84 29 82 83
14 39 41 15 39 41
37 70 2 37 71 2
90 24 40 89 24 40
89 24 40 88 24 40
70 23 31 70 22 31
70 22 31 70 21 31
76 87 58 76 87 59
10 62 4 10 63 4
10 63 4 10 64 4
29 93 31 29 92 31
9 84 76 9 84 75
16 18 34 17 18 34
80 15 13 79 15 13
86 45 29 86 45 28
86 45 28 86 45 27
86 45 27 86 45 26
86 45 26 86 45 25
86 45 25 86 45 24
86 45 24 86 45 23
90 78 14 91 78 14
31 87 90 31 86 90
8 19 65 8 20 65
89 51 9 88 51 9
88 51 9 87 51 9
87 51 9 86 51 9
86 51 9 85 51 9
5 38 87 5 38 88
1 57 85 1 57 86
1 57 86 1 57 87
1 57 87 1 57 88
78 4 61 78 5 61
78 5 61 78 6 61
50 60 38 50 59 38
50 59 38 50 58 38
50 58 38 50 57 38
1 72 9 1 73 9
1 73 9 1 74 9
52 90 37 52 90 38
52 90 38 52 90 39
52 90 39 52 90 40
52 90 40 52 90 41
52 90 41 52 90 42
52 90 42 52 90 43
52 90 43 52 90 44
21 36 84 21 36 83
7 54 94 7 53 94
7 53 94 7 52 94
7 52 94 7 51 94
72 61 69 71 61 69
36 8 61 36 9 61
36 9 61 36 10 61
36 10 61 36 11 61
36 11 61 36 12 61
36 12 61 36 13 61
57 45 67 57 46 67
30 41 4 30 40 4
30 40 4 30 39 4
30 39 4 30 38 4
30 38 4 30 37 4
29 53 23 29 53 24
41 85 6 41 85 7
49 53 79 49 52 79
38 62 44 38 61 44
17 90 46 17 90 45
17 90 45 17 90 44
17 90 44 17 90 43
17 90 43 17 90 42
17 90 42 17 90 41
17 90 41 17 90 40
56 49 76 56 50 76
66 72 69 66 72 68
77 48 69 77 49 69
28 8 10 27 8 10
27 8 10 26 8 10
26 8 10 25 8 10
25 8 10 24 8 10
8 27 58 9 27 58
9 27 58 10 27 58
92 34 22 92 34 21
92 34 21 92 34 20
22 86 8 22 86 7
77 84 48 77 84 49
77 84 49 77 84 50
77 84 50 77 84 51
77 84 51 77 84 52
29 19 65 29 18 65
93 53 67 93 53 66
93 53 66 93 53 65
93 30 34 93 31 34
93 31 34 93 32 34
93 32 34 93 33 34
93 33 34 93 34 34
93 34 34 93 35 34
93 35 34 93 36 34
93 36 34 93 37 34
20 49 88 20 48 88
20 48 88 20 47 88
20 47 88 20 46 88
52 44 48 51 44 48
51 44 48 50 44 48
50 44 48 49 44 48
62 82 6 62 83 6
62 83 6 62 84 6
62 84 6 62 85 6
62 85 6 62 86 6
62 86 6 62 87 6
62 87 6 62 88 6
89 46 79 89 46 80
89 46 80 89 46 81
89 46 81 89 46 82
41 26 87 40 26 87
10 38 40 10 38 41
10 38 41 10 38 42
10 38 42 10 38 43
10 38 43 10 38 44
10 38 44 10 38 45
19 44 34 20 44 34
33 10 61 33 10 62
76 22 17 76 21 17
76 21 17 76 20 17
3 1 43 4 1 43
4 1 43 5 1 43
5 1 43 6 1 43
6 1 43 7 1 43
7 1 43 8 1 43
8 1 43 9 1 43
9 1 43 10 1 43
70 74 73 70 74 72
22 71 22 23 71 22
62 77 78 62 77 79
62 77 79 62 77 80
62 77 80 62 77 81
62 77 81 62 77 82
7 26 4 8 26 4
8 26 4 9 26 4
62 80 11 63 80 11
31 25 72 31 25 71
82 42 81 83 42 81
57 36 92 57 36 91
57 36 91 57 36 90
69 31 38 69 32 38
69 32 38 69 33 38
69 33 38 69 34 38
69 34 38 69 35 38
69 35 38 69 36 38
43 36 59 44 36 59
44 36 59 45 36 59
20 83 65 20 83 64
42 68 9 42 68 10
42 68 10 42 68 11
42 68 11 42 68 12
42 68 12 42 68 13
42 68 13 42 68 14
42 68 14 42 68 15
76 8 10 76 8 11
76 8 11 76 8 12
56 71 65 56 71 66
28 88 44 28 87 44
32 14 51 32 14 52
32 14 52 32 14 53
32 14 53 32 14 54
32 14 54 32 14 55
86 16 11 86 16 10
44 81 12 44 81 11
44 81 11 44 81 10
44 81 10 44 81 9
62 14 1 62 14 2
62 14 2 62 14 3
62 14 3 62 14 4
62 14 4 62 14 5
62 14 5 62 14 6
62 14 6 62 14 7
62 14 7 62 14 8
22 50 95 22 49 95
22 49 95 22 48 95
22 48 95 22 47 95
22 47 95 22 46 95
22 46 95 22 45 95
22 45 95 22 44 95
22 44 95 22 43 95
64 28 91 63 28 91
63 28 91 62 28 91
62 28 91 61 28 91
61 28 91 60 28 91
60 28 91 59 28 91
65 51 46 65 50 46
64 72 14 64 72 15
62 24 41 62 23 41
62 23 41 62 22 41
62 22 41 62 21 41
62 21 41 62 20 41
62 20 41 62 19 41
62 19 41 62 18 41
62 18 41 62 17 41
62 17 41 62 16 41
15 63 11 16 63 11
16 63 11 17 63 11
17 63 11 18 63 11
18 63 11 19 63 11
19 63 11 20 63 11
20 63 11 21 63 11
6 72 22 6 72 21
6 72 21 6 72 20
6 72 20 6 72 19
6 72 19 6 72 18
6 72 18 6 72 17
6 72 17 6 72 16
37 67 24 37 66 24
42 89 90 43 89 90
43 89 90 44 89 90
44 89 90 45 89 90
32 70 19 32 71 19
19 82 89 20 82 89
20 82 89 21 82 89
23 82 89 24 82 89
24 82 89 25 82 89
25 82 89 26 82 89
26 82 89 27 82 89
