Сборка начата 03.06.2019 14:31:40.
     1>Проект "D:\My_projects_С++\ODMlaba5\ODMlaba5\ODMlaba5.vcxproj" в узле 2 (целевые объекты Build).
     1>ClCompile:
         C:\Program Files (x86)\Microsoft Visual Studio 12.0\VC\bin\CL.exe /c /ZI /nologo /W3 /WX- /sdl /Od /Oy- /D WIN32 /D _DEBUG /D _CONSOLE /D _LIB /D _UNICODE /D UNICODE /Gm /EHsc /RTC1 /MDd /GS /fp:precise /Zc:wchar_t /Zc:forScope /Fo"Debug\\" /Fd"Debug\vc120.pdb" /Gd /TP /analyze- /errorReport:prompt "Исходный код.cpp"
         Исходный код.cpp
     1>d:\my_projects_с++\odmlaba5\odmlaba5\исходный код.cpp(148): warning C4018: <: несоответствие типов со знаком и без знака
     1>d:\my_projects_с++\odmlaba5\odmlaba5\исходный код.cpp(153): warning C4018: <: несоответствие типов со знаком и без знака
     1>d:\my_projects_с++\odmlaba5\odmlaba5\исходный код.cpp(158): warning C4018: <: несоответствие типов со знаком и без знака
     1>d:\my_projects_с++\odmlaba5\odmlaba5\исходный код.cpp(160): warning C4018: <: несоответствие типов со знаком и без знака
     1>d:\my_projects_с++\odmlaba5\odmlaba5\исходный код.cpp(270): warning C4018: <: несоответствие типов со знаком и без знака
     1>d:\my_projects_с++\odmlaba5\odmlaba5\исходный код.cpp(272): warning C4018: <: несоответствие типов со знаком и без знака
     1>d:\my_projects_с++\odmlaba5\odmlaba5\исходный код.cpp(276): warning C4018: <: несоответствие типов со знаком и без знака
     1>d:\my_projects_с++\odmlaba5\odmlaba5\исходный код.cpp(340): warning C4101: N_B1: неиспользованная локальная переменная
     1>d:\my_projects_с++\odmlaba5\odmlaba5\исходный код.cpp(340): warning C4101: N_A1: неиспользованная локальная переменная
       Link:
         C:\Program Files (x86)\Microsoft Visual Studio 12.0\VC\bin\link.exe /ERRORREPORT:PROMPT /OUT:"D:\My_projects_С++\ODMlaba5\Debug\ODMlaba5.exe" /INCREMENTAL /NOLOGO kernel32.lib user32.lib gdi32.lib winspool.lib comdlg32.lib advapi32.lib shell32.lib ole32.lib oleaut32.lib uuid.lib odbc32.lib odbccp32.lib /MANIFEST /MANIFESTUAC:"level='asInvoker' uiAccess='false'" /manifest:embed /DEBUG /PDB:"D:\My_projects_С++\ODMlaba5\Debug\ODMlaba5.pdb" /SUBSYSTEM:CONSOLE /TLBID:1 /DYNAMICBASE /NXCOMPAT /IMPLIB:"D:\My_projects_С++\ODMlaba5\Debug\ODMlaba5.lib" /MACHINE:X86 "Debug\Исходный код.obj"
         ODMlaba5.vcxproj -> D:\My_projects_С++\ODMlaba5\Debug\ODMlaba5.exe
     1>Сборка проекта "D:\My_projects_С++\ODMlaba5\ODMlaba5\ODMlaba5.vcxproj" завершена (целевые объекты Build).

Сборка успешно завершена.

Затраченное время: 00:00:20.35
